0 info it worked if it ends with ok
1 verbose cli [ '/usr/bin/node',
1 verbose cli   '/usr/bin/npm',
1 verbose cli   'install',
1 verbose cli   'create-react-app',
1 verbose cli   'dojo-blog' ]
2 info using npm@3.5.2
3 info using node@v8.10.0
4 silly loadCurrentTree Starting
5 silly install loadCurrentTree
6 silly install readLocalPackageData
7 silly fetchPackageMetaData create-react-app
8 silly fetchPackageMetaData dojo-blog
9 silly fetchNamedPackageData create-react-app
10 silly mapToRegistry name create-react-app
11 silly mapToRegistry using default registry
12 silly mapToRegistry registry https://registry.npmjs.org/
13 silly mapToRegistry uri https://registry.npmjs.org/create-react-app
14 silly fetchNamedPackageData dojo-blog
15 silly mapToRegistry name dojo-blog
16 silly mapToRegistry using default registry
17 silly mapToRegistry registry https://registry.npmjs.org/
18 silly mapToRegistry uri https://registry.npmjs.org/dojo-blog
19 verbose request uri https://registry.npmjs.org/create-react-app
20 verbose request no auth needed
21 info attempt registry request try #1 at 11:21:00 PM
22 verbose request id b26da65783260b3a
23 http request GET https://registry.npmjs.org/create-react-app
24 verbose request uri https://registry.npmjs.org/dojo-blog
25 verbose request no auth needed
26 info attempt registry request try #1 at 11:21:00 PM
27 http request GET https://registry.npmjs.org/dojo-blog
28 http 404 https://registry.npmjs.org/dojo-blog
29 verbose headers { date: 'Wed, 12 Oct 2022 17:51:01 GMT',
29 verbose headers   'content-type': 'application/json',
29 verbose headers   'content-length': '21',
29 verbose headers   connection: 'keep-alive',
29 verbose headers   'cf-ray': '7591ae6109d68486-BOM',
29 verbose headers   vary: 'Accept-Encoding',
29 verbose headers   server: 'cloudflare' }
30 silly get cb [ 404,
30 silly get   { date: 'Wed, 12 Oct 2022 17:51:01 GMT',
30 silly get     'content-type': 'application/json',
30 silly get     'content-length': '21',
30 silly get     connection: 'keep-alive',
30 silly get     'cf-ray': '7591ae6109d68486-BOM',
30 silly get     vary: 'Accept-Encoding',
30 silly get     server: 'cloudflare' } ]
31 silly fetchPackageMetaData Error: Not found : dojo-blog
31 silly fetchPackageMetaData     at makeError (/usr/share/npm/node_modules/npm-registry-client/lib/request.js:264:12)
31 silly fetchPackageMetaData     at CachingRegistryClient.<anonymous> (/usr/share/npm/node_modules/npm-registry-client/lib/request.js:252:14)
31 silly fetchPackageMetaData     at Request._callback (/usr/share/npm/node_modules/npm-registry-client/lib/request.js:172:14)
31 silly fetchPackageMetaData     at Request.self.callback (/usr/share/npm/node_modules/request/request.js:198:22)
31 silly fetchPackageMetaData     at emitTwo (events.js:126:13)
31 silly fetchPackageMetaData     at Request.emit (events.js:214:7)
31 silly fetchPackageMetaData     at Request.<anonymous> (/usr/share/npm/node_modules/request/request.js:1082:10)
31 silly fetchPackageMetaData     at emitOne (events.js:121:20)
31 silly fetchPackageMetaData     at Request.emit (events.js:211:7)
31 silly fetchPackageMetaData     at IncomingMessage.<anonymous> (/usr/share/npm/node_modules/request/request.js:1009:12)
31 silly fetchPackageMetaData  error for dojo-blog { Error: Not found : dojo-blog
31 silly fetchPackageMetaData     at makeError (/usr/share/npm/node_modules/npm-registry-client/lib/request.js:264:12)
31 silly fetchPackageMetaData     at CachingRegistryClient.<anonymous> (/usr/share/npm/node_modules/npm-registry-client/lib/request.js:252:14)
31 silly fetchPackageMetaData     at Request._callback (/usr/share/npm/node_modules/npm-registry-client/lib/request.js:172:14)
31 silly fetchPackageMetaData     at Request.self.callback (/usr/share/npm/node_modules/request/request.js:198:22)
31 silly fetchPackageMetaData     at emitTwo (events.js:126:13)
31 silly fetchPackageMetaData     at Request.emit (events.js:214:7)
31 silly fetchPackageMetaData     at Request.<anonymous> (/usr/share/npm/node_modules/request/request.js:1082:10)
31 silly fetchPackageMetaData     at emitOne (events.js:121:20)
31 silly fetchPackageMetaData     at Request.emit (events.js:211:7)
31 silly fetchPackageMetaData     at IncomingMessage.<anonymous> (/usr/share/npm/node_modules/request/request.js:1009:12) pkgid: 'dojo-blog', statusCode: 404, code: 'E404' }
32 http 200 https://registry.npmjs.org/create-react-app
33 verbose headers { date: 'Wed, 12 Oct 2022 17:51:01 GMT',
33 verbose headers   'content-type': 'application/json',
33 verbose headers   'transfer-encoding': 'chunked',
33 verbose headers   connection: 'keep-alive',
33 verbose headers   'cf-ray': '7591ae6109cbf401-BOM',
33 verbose headers   'access-control-allow-origin': '*',
33 verbose headers   'cache-control': 'public, max-age=300',
33 verbose headers   etag: 'W/"a023e925b3f4fd1de09bfaea884d8f02"',
33 verbose headers   'last-modified': 'Tue, 14 Jun 2022 03:04:05 GMT',
33 verbose headers   vary: 'accept-encoding, accept',
33 verbose headers   'cf-cache-status': 'REVALIDATED',
33 verbose headers   'x-amz-replication-status': 'COMPLETED',
33 verbose headers   server: 'cloudflare',
33 verbose headers   'content-encoding': 'gzip' }
34 silly get cb [ 200,
34 silly get   { date: 'Wed, 12 Oct 2022 17:51:01 GMT',
34 silly get     'content-type': 'application/json',
34 silly get     'transfer-encoding': 'chunked',
34 silly get     connection: 'keep-alive',
34 silly get     'cf-ray': '7591ae6109cbf401-BOM',
34 silly get     'access-control-allow-origin': '*',
34 silly get     'cache-control': 'public, max-age=300',
34 silly get     etag: 'W/"a023e925b3f4fd1de09bfaea884d8f02"',
34 silly get     'last-modified': 'Tue, 14 Jun 2022 03:04:05 GMT',
34 silly get     vary: 'accept-encoding, accept',
34 silly get     'cf-cache-status': 'REVALIDATED',
34 silly get     'x-amz-replication-status': 'COMPLETED',
34 silly get     server: 'cloudflare',
34 silly get     'content-encoding': 'gzip' } ]
35 verbose get saving create-react-app to /home/student/.npm/registry.npmjs.org/create-react-app/.cache.json
36 verbose makeDirectory /home/student/.npm creation not in flight; initializing
37 silly makeDirectory /home/student/.npm uid: 1000 gid: 1000
38 silly rollbackFailedOptional Starting
39 silly rollbackFailedOptional Finishing
40 silly runTopLevelLifecycles Starting
41 silly runTopLevelLifecycles Finishing
42 silly install printInstalled
43 verbose stack Error: Not found : dojo-blog
43 verbose stack     at makeError (/usr/share/npm/node_modules/npm-registry-client/lib/request.js:264:12)
43 verbose stack     at CachingRegistryClient.<anonymous> (/usr/share/npm/node_modules/npm-registry-client/lib/request.js:252:14)
43 verbose stack     at Request._callback (/usr/share/npm/node_modules/npm-registry-client/lib/request.js:172:14)
43 verbose stack     at Request.self.callback (/usr/share/npm/node_modules/request/request.js:198:22)
43 verbose stack     at emitTwo (events.js:126:13)
43 verbose stack     at Request.emit (events.js:214:7)
43 verbose stack     at Request.<anonymous> (/usr/share/npm/node_modules/request/request.js:1082:10)
43 verbose stack     at emitOne (events.js:121:20)
43 verbose stack     at Request.emit (events.js:211:7)
43 verbose stack     at IncomingMessage.<anonymous> (/usr/share/npm/node_modules/request/request.js:1009:12)
44 verbose statusCode 404
45 verbose pkgid dojo-blog
46 verbose cwd /home/student/Desktop/HVA
47 error Linux 4.15.0-163-generic
48 error argv "/usr/bin/node" "/usr/bin/npm" "install" "create-react-app" "dojo-blog"
49 error node v8.10.0
50 error npm  v3.5.2
51 error code E404
52 error 404 Not found : dojo-blog
53 error 404
54 error 404 'dojo-blog' is not in the npm registry.
55 error 404 You should bug the author to publish it (or use the name yourself!)
56 error 404 Note that you can also install from a
57 error 404 tarball, folder, http url, or git url.
58 verbose exit [ 1, true ]
